#
# A fatal error has been detected by the Java Runtime Environment:
#
#  EXCEPTION_ACCESS_VIOLATION (0xc0000005) at pc=0x00000000036bb0d2, pid=2940, tid=9420
#
# JRE version: Java(TM) SE Runtime Environment (8.0_05-b13) (build 1.8.0_05-b13)
# Java VM: Java HotSpot(TM) 64-Bit Server VM (25.5-b02 mixed mode windows-amd64 compressed oops)
# Problematic frame:
# J 6158 C2 org.gradle.api.internal.project.taskfactory.AnnotationProcessingTaskFactory.isGetter(Ljava/lang/reflect/Method;)Z (71 bytes) @ 0x00000000036bb0d2 [0x00000000036bafe0+0xf2]
#
# Failed to write core dump. Minidumps are not enabled by default on client versions of Windows
#
# If you would like to submit a bug report, please visit:
#   http://bugreport.sun.com/bugreport/crash.jsp
#

---------------  T H R E A D  ---------------

Current thread (0x000000001aed7000):  JavaThread "Daemon worker Thread 2" [_thread_in_Java, id=9420, stack(0x000000001fc80000,0x000000001fd80000)]

siginfo: ExceptionCode=0xc0000005, reading address 0x0000000080001b0f

Registers:
RAX=0x00000000ed0eedf8, RBX=0x00000000ed0ef338, RCX=0x000000001db2f588, RDX=0x000000000000000d
RSP=0x000000001fd79bd0, RBP=0x00000000c0020690, RSI=0x0000000000000043, RDI=0x00000000c17b27a8
R8 =0x0000000080001b03, R9 =0x0000000000000069, R10=0x0000000000000073, R11=0x00000000c02a6050
R12=0x0000000000000000, R13=0x0000000100007ca8, R14=0x00000000c004ec38, R15=0x000000001aed7000
RIP=0x00000000036bb0d2, EFLAGS=0x0000000000010246

Top of Stack: (sp=0x000000001fd79bd0)
0x000000001fd79bd0:   000000001d74e410 0000005f00000000
0x000000001fd79be0:   0000000b00000003 00000000c17b06d0
0x000000001fd79bf0:   0000007300000053 00000000ed077328
0x000000001fd79c00:   00000000ed1073b0 00000000ed107370
0x000000001fd79c10:   00000000ed1073e0 000000001aed7000
0x000000001fd79c20:   000000001fd79db8 00000000028fd4bc
0x000000001fd79c30:   000000001aed7000 0000000000000000
0x000000001fd79c40:   000000010035bd48 0000000000000001
0x000000001fd79c50:   00000000ed0653f0 000000000271c671
0x000000001fd79c60:   000000001fd79cc0 00000000140bc8f0
0x000000001fd79c70:   000000001fd79ce8 0000000002387380
0x000000001fd79c80:   000000001fd79ce8 0000000002387380
0x000000001fd79c90:   00000000ed077340 00000000ed077340
0x000000001fd79ca0:   00000000ed077328 000000001fd79ca8
0x000000001fd79cb0:   000000001ce9645e 000000001fd79d00
0x000000001fd79cc0:   000000001ce96f48 0000000000000000 

Instructions: (pc=0x00000000036bb0d2)
0x00000000036bb0b2:   3b c2 0f 85 b9 00 00 00 85 ed 0f 84 2b 01 00 00
0x00000000036bb0c2:   81 fd 90 06 02 c0 0f 85 a5 00 00 00 44 8b 43 34
0x00000000036bb0d2:   45 8b 68 0c 49 8b e8 4d 63 dd 49 c1 e3 02 49 83
0x00000000036bb0e2:   c3 17 49 83 e3 f8 41 81 fd 00 00 04 00 0f 87 8c 


Register to memory mapping:

RAX=0x00000000ed0eedf8 is an oop
[Ljava.lang.reflect.Method; 
 - klass: 'java/lang/reflect/Method'[]
 - length: 67
RBX=0x00000000ed0ef338 is an oop
java.lang.reflect.Method 
 - klass: 'java/lang/reflect/Method'
RCX=0x000000001db2f588 is an unknown value
RDX=0x000000000000000d is an unknown value
RSP=0x000000001fd79bd0 is pointing into the stack for thread: 0x000000001aed7000
RBP=0x00000000c0020690 is an oop
java.lang.Class 
 - klass: 'java/lang/Class'
RSI=0x0000000000000043 is an unknown value
RDI=0x00000000c17b27a8 is an oop
[C 
 - klass: {type array char}
 - length: 13
R8 =0x0000000080001b03 is an unknown value
R9 =0x0000000000000069 is an unknown value
R10=0x0000000000000073 is an unknown value
R11=0x00000000c02a6050 is an oop
[C 
 - klass: {type array char}
 - length: 2
R12=0x0000000000000000 is an unknown value
R13=0x0000000100007ca8 is an unknown value
R14=0x00000000c004ec38 is an oop
java.util.Collections$EmptyMap 
 - klass: 'java/util/Collections$EmptyMap'
R15=0x000000001aed7000 is a thread


Stack: [0x000000001fc80000,0x000000001fd80000],  sp=0x000000001fd79bd0,  free space=998k
Native frames: (J=compiled Java code, j=interpreted, Vv=VM code, C=native code)
C  0x00000000036bb0d2


---------------  P R O C E S S  ---------------

Java Threads: ( => current thread )
  0x000000001aed7800 JavaThread "Stdin handler" [_thread_blocked, id=7128, stack(0x000000001fd80000,0x000000001fe80000)]
=>0x000000001aed7000 JavaThread "Daemon worker Thread 2" [_thread_in_Java, id=9420, stack(0x000000001fc80000,0x000000001fd80000)]
  0x000000001aed9000 JavaThread "Cancel handler" [_thread_blocked, id=10128, stack(0x000000001fb80000,0x000000001fc80000)]
  0x000000001aed6000 JavaThread "Handler for socket connection from /127.0.0.1:52239 to /127.0.0.1:52383" [_thread_in_native, id=10112, stack(0x000000001fa80000,0x000000001fb80000)]
  0x000000001aed5800 JavaThread "Daemon Thread 2" [_thread_blocked, id=9920, stack(0x000000001f6c0000,0x000000001f7c0000)]
  0x0000000019477800 JavaThread "File lock request listener" [_thread_in_native, id=8964, stack(0x000000001a340000,0x000000001a440000)]
  0x0000000016ec3800 JavaThread "Incoming local TCP Connector on port 52239" [_thread_in_native, id=6272, stack(0x0000000018480000,0x0000000018580000)]
  0x0000000014aad000 JavaThread "Service Thread" daemon [_thread_blocked, id=2544, stack(0x00000000166d0000,0x00000000167d0000)]
  0x0000000014a59800 JavaThread "C1 CompilerThread2" daemon [_thread_blocked, id=1408, stack(0x00000000161d0000,0x00000000162d0000)]
  0x0000000014a52800 JavaThread "C2 CompilerThread1" daemon [_thread_in_native, id=2892, stack(0x00000000160d0000,0x00000000161d0000)]
  0x0000000014a50000 JavaThread "C2 CompilerThread0" daemon [_thread_blocked, id=1760, stack(0x0000000015fd0000,0x00000000160d0000)]
  0x0000000014a4e800 JavaThread "Attach Listener" daemon [_thread_blocked, id=7976, stack(0x0000000015ed0000,0x0000000015fd0000)]
  0x0000000014a4d800 JavaThread "Signal Dispatcher" daemon [_thread_blocked, id=8612, stack(0x0000000015dd0000,0x0000000015ed0000)]
  0x0000000002377800 JavaThread "Finalizer" daemon [_thread_blocked, id=4716, stack(0x0000000015cd0000,0x0000000015dd0000)]
  0x0000000014a17800 JavaThread "Reference Handler" daemon [_thread_blocked, id=2836, stack(0x0000000015bd0000,0x0000000015cd0000)]
  0x0000000002282800 JavaThread "main" [_thread_blocked, id=7636, stack(0x00000000020b0000,0x00000000021b0000)]

Other Threads:
  0x0000000014a16000 VMThread [stack: 0x0000000015ad0000,0x0000000015bd0000] [id=7488]
  0x0000000016301800 WatcherThread [stack: 0x00000000167d0000,0x00000000168d0000] [id=2272]

VM state:not at safepoint (normal execution)

VM Mutex/Monitor currently owned by a thread: None

Heap:
 PSYoungGen      total 80384K, used 58907K [0x00000000eab00000, 0x00000000f2180000, 0x0000000100000000)
  eden space 42496K, 92% used [0x00000000eab00000,0x00000000ed136b60,0x00000000ed480000)
  from space 37888K, 52% used [0x00000000efc80000,0x00000000f0fd03f8,0x00000000f2180000)
  to   space 39424K, 0% used [0x00000000ed480000,0x00000000ed480000,0x00000000efb00000)
 ParOldGen       total 68096K, used 52583K [0x00000000c0000000, 0x00000000c4280000, 0x00000000eab00000)
  object space 68096K, 77% used [0x00000000c0000000,0x00000000c3359d88,0x00000000c4280000)
 Metaspace       used 50595K, capacity 53242K, committed 53504K, reserved 1095680K
  class space    used 6985K, capacity 7873K, committed 7936K, reserved 1048576K

Card table byte_map: [0x0000000011740000,0x0000000011950000] byte_map_base: 0x0000000011140000

Marking Bits: (ParMarkBitMap*) 0x000000006b5713b0
 Begin Bits: [0x0000000011eb0000, 0x0000000012eb0000)
 End Bits:   [0x0000000012eb0000, 0x0000000013eb0000)

Polling page: 0x00000000001f0000

CodeCache: size=245760Kb used=27398Kb max_used=29932Kb free=218362Kb
 bounds [0x0000000002380000, 0x00000000040e0000, 0x0000000011380000]
 total_blobs=8373 nmethods=7675 adapters=610
 compilation: enabled

Compilation events (10 events):
Event: 1886.639 Thread 0x0000000014a59800 9454       3       org.gradle.api.internal.collections.CollectionFilter::isSatisfiedBy (14 bytes)
Event: 1886.640 Thread 0x0000000014a59800 nmethod 9454 0x00000000039356d0 code [0x0000000003935840, 0x0000000003935a28]
Event: 1886.646 Thread 0x0000000014a52800 nmethod 9441 0x0000000003a5ef50 code [0x0000000003a5f1c0, 0x0000000003a5fd18]
Event: 1886.646 Thread 0x0000000014a52800 9455   !   4       sun.reflect.annotation.AnnotationParser::parseAnnotations (37 bytes)
Event: 1886.647 Thread 0x0000000014a50000 nmethod 9448 0x0000000002a2b650 code [0x0000000002a2b800, 0x0000000002a2c0d8]
Event: 1886.647 Thread 0x0000000014a50000 9450       4       java.util.TreeMap::getEntry (84 bytes)
Event: 1886.652 Thread 0x0000000014a50000 nmethod 9450 0x00000000037fa550 code [0x00000000037fa6a0, 0x00000000037fa9d8]
Event: 1886.652 Thread 0x0000000014a50000 9449       4       com.android.build.gradle.internal.dependency.LibraryDependencyImpl::equals (107 bytes)
Event: 1886.678 Thread 0x0000000014a50000 nmethod 9449 0x0000000003b0bdd0 code [0x0000000003b0bf80, 0x0000000003b0d298]
Event: 1886.678 Thread 0x0000000014a50000 9457       4       java.lang.Class::getConstructor0 (103 bytes)

GC Heap History (10 events):
Event: 73.609 GC heap before
{Heap before GC invocations=67 (full 8):
 PSYoungGen      total 68096K, used 66143K [0x00000000eab00000, 0x00000000f0f00000, 0x0000000100000000)
  eden space 42496K, 100% used [0x00000000eab00000,0x00000000ed480000,0x00000000ed480000)
  from space 25600K, 92% used [0x00000000ef080000,0x00000000f0797ee8,0x00000000f0980000)
  to   space 28672K, 0% used [0x00000000ed480000,0x00000000ed480000,0x00000000ef080000)
 ParOldGen       total 52736K, used 40457K [0x00000000c0000000, 0x00000000c3380000, 0x00000000eab00000)
  object space 52736K, 76% used [0x00000000c0000000,0x00000000c2782708,0x00000000c3380000)
 Metaspace       used 48890K, capacity 51428K, committed 51584K, reserved 1093632K
  class space    used 6846K, capacity 7711K, committed 7808K, reserved 1048576K
Event: 73.640 GC heap after
Heap after GC invocations=67 (full 8):
 PSYoungGen      total 71168K, used 28640K [0x00000000eab00000, 0x00000000f1d00000, 0x0000000100000000)
  eden space 42496K, 0% used [0x00000000eab00000,0x00000000eab00000,0x00000000ed480000)
  from space 28672K, 99% used [0x00000000ed480000,0x00000000ef078398,0x00000000ef080000)
  to   space 35840K, 0% used [0x00000000efa00000,0x00000000efa00000,0x00000000f1d00000)
 ParOldGen       total 52736K, used 47358K [0x00000000c0000000, 0x00000000c3380000, 0x00000000eab00000)
  object space 52736K, 89% used [0x00000000c0000000,0x00000000c2e3fb30,0x00000000c3380000)
 Metaspace       used 48890K, capacity 51428K, committed 51584K, reserved 1093632K
  class space    used 6846K, capacity 7711K, committed 7808K, reserved 1048576K
}
Event: 75.257 GC heap before
{Heap before GC invocations=68 (full 8):
 PSYoungGen      total 71168K, used 71136K [0x00000000eab00000, 0x00000000f1d00000, 0x0000000100000000)
  eden space 42496K, 100% used [0x00000000eab00000,0x00000000ed480000,0x00000000ed480000)
  from space 28672K, 99% used [0x00000000ed480000,0x00000000ef078398,0x00000000ef080000)
  to   space 35840K, 0% used [0x00000000efa00000,0x00000000efa00000,0x00000000f1d00000)
 ParOldGen       total 52736K, used 47358K [0x00000000c0000000, 0x00000000c3380000, 0x00000000eab00000)
  object space 52736K, 89% used [0x00000000c0000000,0x00000000c2e3fb30,0x00000000c3380000)
 Metaspace       used 50171K, capacity 52676K, committed 52864K, reserved 1093632K
  class space    used 6944K, capacity 7807K, committed 7808K, reserved 1048576K
Event: 75.327 GC heap after
Heap after GC invocations=68 (full 8):
 PSYoungGen      total 75776K, used 34162K [0x00000000eab00000, 0x00000000f2780000, 0x0000000100000000)
  eden space 39936K, 0% used [0x00000000eab00000,0x00000000eab00000,0x00000000ed200000)
  from space 35840K, 95% used [0x00000000efa00000,0x00000000f1b5c9e8,0x00000000f1d00000)
  to   space 40960K, 0% used [0x00000000ed200000,0x00000000ed200000,0x00000000efa00000)
 ParOldGen       total 52736K, used 49010K [0x00000000c0000000, 0x00000000c3380000, 0x00000000eab00000)
  object space 52736K, 92% used [0x00000000c0000000,0x00000000c2fdcb50,0x00000000c3380000)
 Metaspace       used 50171K, capacity 52676K, committed 52864K, reserved 1093632K
  class space    used 6944K, capacity 7807K, committed 7808K, reserved 1048576K
}
Event: 75.327 GC heap before
{Heap before GC invocations=69 (full 9):
 PSYoungGen      total 75776K, used 34162K [0x00000000eab00000, 0x00000000f2780000, 0x0000000100000000)
  eden space 39936K, 0% used [0x00000000eab00000,0x00000000eab00000,0x00000000ed200000)
  from space 35840K, 95% used [0x00000000efa00000,0x00000000f1b5c9e8,0x00000000f1d00000)
  to   space 40960K, 0% used [0x00000000ed200000,0x00000000ed200000,0x00000000efa00000)
 ParOldGen       total 52736K, used 49010K [0x00000000c0000000, 0x00000000c3380000, 0x00000000eab00000)
  object space 52736K, 92% used [0x00000000c0000000,0x00000000c2fdcb50,0x00000000c3380000)
 Metaspace       used 50171K, capacity 52676K, committed 52864K, reserved 1093632K
  class space    used 6944K, capacity 7807K, committed 7808K, reserved 1048576K
Event: 76.082 GC heap after
Heap after GC invocations=69 (full 9):
 PSYoungGen      total 75776K, used 27261K [0x00000000eab00000, 0x00000000f2780000, 0x0000000100000000)
  eden space 39936K, 0% used [0x00000000eab00000,0x00000000eab00000,0x00000000ed200000)
  from space 35840K, 76% used [0x00000000efa00000,0x00000000f149f6f8,0x00000000f1d00000)
  to   space 40960K, 0% used [0x00000000ed200000,0x00000000ed200000,0x00000000efa00000)
 ParOldGen       total 68096K, used 52567K [0x00000000c0000000, 0x00000000c4280000, 0x00000000eab00000)
  object space 68096K, 77% used [0x00000000c0000000,0x00000000c3355d88,0x00000000c4280000)
 Metaspace       used 50171K, capacity 52676K, committed 52864K, reserved 1093632K
  class space    used 6944K, capacity 7807K, committed 7808K, reserved 1048576K
}
Event: 1878.658 GC heap before
{Heap before GC invocations=70 (full 9):
 PSYoungGen      total 75776K, used 67197K [0x00000000eab00000, 0x00000000f2780000, 0x0000000100000000)
  eden space 39936K, 100% used [0x00000000eab00000,0x00000000ed200000,0x00000000ed200000)
  from space 35840K, 76% used [0x00000000efa00000,0x00000000f149f6f8,0x00000000f1d00000)
  to   space 40960K, 0% used [0x00000000ed200000,0x00000000ed200000,0x00000000efa00000)
 ParOldGen       total 68096K, used 52567K [0x00000000c0000000, 0x00000000c4280000, 0x00000000eab00000)
  object space 68096K, 77% used [0x00000000c0000000,0x00000000c3355d88,0x00000000c4280000)
 Metaspace       used 50455K, capacity 53094K, committed 53248K, reserved 1095680K
  class space    used 6977K, capacity 7859K, committed 7936K, reserved 1048576K
Event: 1878.818 GC heap after
Heap after GC invocations=70 (full 9):
 PSYoungGen      total 80896K, used 23148K [0x00000000eab00000, 0x00000000f2480000, 0x0000000100000000)
  eden space 39936K, 0% used [0x00000000eab00000,0x00000000eab00000,0x00000000ed200000)
  from space 40960K, 56% used [0x00000000ed200000,0x00000000ee89b068,0x00000000efa00000)
  to   space 40960K, 0% used [0x00000000efc80000,0x00000000efc80000,0x00000000f2480000)
 ParOldGen       total 68096K, used 52575K [0x00000000c0000000, 0x00000000c4280000, 0x00000000eab00000)
  object space 68096K, 77% used [0x00000000c0000000,0x00000000c3357d88,0x00000000c4280000)
 Metaspace       used 50455K, capacity 53094K, committed 53248K, reserved 1095680K
  class space    used 6977K, capacity 7859K, committed 7936K, reserved 1048576K
}
Event: 1881.946 GC heap before
{Heap before GC invocations=71 (full 9):
 PSYoungGen      total 80896K, used 63081K [0x00000000eab00000, 0x00000000f2480000, 0x0000000100000000)
  eden space 39936K, 99% used [0x00000000eab00000,0x00000000ed1ff528,0x00000000ed200000)
  from space 40960K, 56% used [0x00000000ed200000,0x00000000ee89b068,0x00000000efa00000)
  to   space 40960K, 0% used [0x00000000efc80000,0x00000000efc80000,0x00000000f2480000)
 ParOldGen       total 68096K, used 52575K [0x00000000c0000000, 0x00000000c4280000, 0x00000000eab00000)
  object space 68096K, 77% used [0x00000000c0000000,0x00000000c3357d88,0x00000000c4280000)
 Metaspace       used 50571K, capacity 53236K, committed 53504K, reserved 1095680K
  class space    used 6984K, capacity 7872K, committed 7936K, reserved 1048576K
Event: 1881.973 GC heap after
Heap after GC invocations=71 (full 9):
 PSYoungGen      total 80384K, used 19776K [0x00000000eab00000, 0x00000000f2180000, 0x0000000100000000)
  eden space 42496K, 0% used [0x00000000eab00000,0x00000000eab00000,0x00000000ed480000)
  from space 37888K, 52% used [0x00000000efc80000,0x00000000f0fd03f8,0x00000000f2180000)
  to   space 39424K, 0% used [0x00000000ed480000,0x00000000ed480000,0x00000000efb00000)
 ParOldGen       total 68096K, used 52583K [0x00000000c0000000, 0x00000000c4280000, 0x00000000eab00000)
  object space 68096K, 77% used [0x00000000c0000000,0x00000000c3359d88,0x00000000c4280000)
 Metaspace       used 50571K, capacity 53236K, committed 53504K, reserved 1095680K
  class space    used 6984K, capacity 7872K, committed 7936K, reserved 1048576K
}

Deoptimization events (10 events):
Event: 77.453 Thread 0x0000000016e98000 Uncommon trap: reason=unreached action=reinterpret pc=0x0000000003e36674 method=com.sun.tools.javac.code.Types$21.visitClassType(Lcom/sun/tools/javac/code/Type$ClassType;Ljava/lang/Void;)Lcom/sun/tools/javac/util/List; @ 22
Event: 77.464 Thread 0x0000000016e98000 Uncommon trap: reason=unreached action=reinterpret pc=0x0000000003f22438 method=com.sun.tools.javac.code.Lint$AugmentVisitor.initSyms()V @ 4
Event: 1878.350 Thread 0x000000001aed7000 Uncommon trap: reason=bimorphic action=maybe_recompile pc=0x000000000385a1cc method=com.esotericsoftware.kryo.io.Input.fill([BII)I @ 16
Event: 1878.388 Thread 0x000000001aed7000 Uncommon trap: reason=bimorphic action=maybe_recompile pc=0x000000000385a1cc method=com.esotericsoftware.kryo.io.Input.fill([BII)I @ 16
Event: 1878.515 Thread 0x000000001aed7000 Uncommon trap: reason=bimorphic action=maybe_recompile pc=0x000000000385a1cc method=com.esotericsoftware.kryo.io.Input.fill([BII)I @ 16
Event: 1878.521 Thread 0x000000001aed7000 Uncommon trap: reason=bimorphic action=maybe_recompile pc=0x000000000385a1cc method=com.esotericsoftware.kryo.io.Input.fill([BII)I @ 16
Event: 1878.570 Thread 0x000000001aed7000 Uncommon trap: reason=class_check action=maybe_recompile pc=0x0000000003876fec method=com.google.common.cache.LocalCache$Segment.drainRecencyQueue()V @ 4
Event: 1878.571 Thread 0x000000001aed7000 Uncommon trap: reason=class_check action=maybe_recompile pc=0x0000000003876fec method=com.google.common.cache.LocalCache$Segment.drainRecencyQueue()V @ 4
Event: 1878.571 Thread 0x000000001aed7000 Uncommon trap: reason=class_check action=maybe_recompile pc=0x0000000003876fec method=com.google.common.cache.LocalCache$Segment.drainRecencyQueue()V @ 4
Event: 1878.572 Thread 0x000000001aed7000 Uncommon trap: reason=class_check action=maybe_recompile pc=0x0000000003876fec method=com.google.common.cache.LocalCache$Segment.drainRecencyQueue()V @ 4

Internal exceptions (10 events):
Event: 1878.541 Thread 0x000000001aed7000 Exception <a 'java/security/PrivilegedActionException'> (0x00000000ed00c830) thrown at [D:\re\workspace\8-2-build-windows-amd64-cygwin\jdk8u5\2488\hotspot\src\share\vm\prims\jvm.cpp, line 1248]
Event: 1878.541 Thread 0x000000001aed7000 Exception <a 'java/security/PrivilegedActionException'> (0x00000000ed014fd0) thrown at [D:\re\workspace\8-2-build-windows-amd64-cygwin\jdk8u5\2488\hotspot\src\share\vm\prims\jvm.cpp, line 1248]
Event: 1878.544 Thread 0x000000001aed7000 Exception <a 'java/security/PrivilegedActionException'> (0x00000000ed02ce58) thrown at [D:\re\workspace\8-2-build-windows-amd64-cygwin\jdk8u5\2488\hotspot\src\share\vm\prims\jvm.cpp, line 1248]
Event: 1878.545 Thread 0x000000001aed7000 Exception <a 'java/security/PrivilegedActionException'> (0x00000000ed032100) thrown at [D:\re\workspace\8-2-build-windows-amd64-cygwin\jdk8u5\2488\hotspot\src\share\vm\prims\jvm.cpp, line 1248]
Event: 1878.545 Thread 0x000000001aed7000 Exception <a 'java/security/PrivilegedActionException'> (0x00000000ed033590) thrown at [D:\re\workspace\8-2-build-windows-amd64-cygwin\jdk8u5\2488\hotspot\src\share\vm\prims\jvm.cpp, line 1248]
Event: 1878.546 Thread 0x000000001aed7000 Exception <a 'java/security/PrivilegedActionException'> (0x00000000ed03c948) thrown at [D:\re\workspace\8-2-build-windows-amd64-cygwin\jdk8u5\2488\hotspot\src\share\vm\prims\jvm.cpp, line 1248]
Event: 1878.546 Thread 0x000000001aed7000 Exception <a 'java/security/PrivilegedActionException'> (0x00000000ed03f548) thrown at [D:\re\workspace\8-2-build-windows-amd64-cygwin\jdk8u5\2488\hotspot\src\share\vm\prims\jvm.cpp, line 1248]
Event: 1878.547 Thread 0x000000001aed7000 Exception <a 'java/security/PrivilegedActionException'> (0x00000000ed044f78) thrown at [D:\re\workspace\8-2-build-windows-amd64-cygwin\jdk8u5\2488\hotspot\src\share\vm\prims\jvm.cpp, line 1248]
Event: 1878.547 Thread 0x000000001aed7000 Exception <a 'java/security/PrivilegedActionException'> (0x00000000ed0467a8) thrown at [D:\re\workspace\8-2-build-windows-amd64-cygwin\jdk8u5\2488\hotspot\src\share\vm\prims\jvm.cpp, line 1248]
Event: 1878.547 Thread 0x000000001aed7000 Exception <a 'java/security/PrivilegedActionException'> (0x00000000ed050770) thrown at [D:\re\workspace\8-2-build-windows-amd64-cygwin\jdk8u5\2488\hotspot\src\share\vm\prims\jvm.cpp, line 1248]

Events (10 events):
Event: 1885.070 Thread 0x0000000014a59800 flushing nmethod 0x0000000003ff3a10
Event: 1885.070 Thread 0x0000000014a59800 flushing nmethod 0x000000000400cd10
Event: 1885.070 Thread 0x0000000014a59800 flushing nmethod 0x000000000400d250
Event: 1885.071 Thread 0x0000000014a59800 flushing nmethod 0x000000000404d050
Event: 1885.071 Thread 0x0000000014a59800 flushing nmethod 0x0000000004059550
Event: 1885.071 Thread 0x0000000014a59800 flushing nmethod 0x000000000407f6d0
Event: 1886.051 Thread 0x000000001aed7000 DEOPT PACKING pc=0x00000000034c2629 sp=0x000000001fd782d0
Event: 1886.051 Thread 0x000000001aed7000 DEOPT UNPACKING pc=0x00000000023c7604 sp=0x000000001fd78108 mode 0
Event: 1886.565 Executing VM operation: RevokeBias
Event: 1886.566 Executing VM operation: RevokeBias done


Dynamic libraries:
0x00007ff604c70000 - 0x00007ff604ca4000 	C:\Program Files\Java\jdk1.8.0_05\bin\java.exe
0x00007ffc76cb0000 - 0x00007ffc76e71000 	C:\WINDOWS\SYSTEM32\ntdll.dll
0x00007ffc76110000 - 0x00007ffc761bd000 	C:\WINDOWS\system32\KERNEL32.DLL
0x00007ffc73530000 - 0x00007ffc73718000 	C:\WINDOWS\system32\KERNELBASE.dll
0x00007ffc76770000 - 0x00007ffc76817000 	C:\WINDOWS\system32\ADVAPI32.dll
0x00007ffc76ac0000 - 0x00007ffc76b5d000 	C:\WINDOWS\system32\msvcrt.dll
0x00007ffc760b0000 - 0x00007ffc7610b000 	C:\WINDOWS\system32\sechost.dll
0x00007ffc76650000 - 0x00007ffc7676c000 	C:\WINDOWS\system32\RPCRT4.dll
0x00007ffc75aa0000 - 0x00007ffc75bf6000 	C:\WINDOWS\system32\USER32.dll
0x00007ffc75f20000 - 0x00007ffc760a6000 	C:\WINDOWS\system32\GDI32.dll
0x00007ffc6a700000 - 0x00007ffc6a974000 	C:\WINDOWS\WinSxS\amd64_microsoft.windows.common-controls_6595b64144ccf1df_6.0.10586.0_none_8c15ae12515e1c22\COMCTL32.dll
0x00007ffc76820000 - 0x00007ffc76a9d000 	C:\WINDOWS\system32\combase.dll
0x00007ffc73fe0000 - 0x00007ffc7404a000 	C:\WINDOWS\system32\bcryptPrimitives.dll
0x00007ffc763c0000 - 0x00007ffc763fb000 	C:\WINDOWS\system32\IMM32.DLL
0x000000006aac0000 - 0x000000006ab92000 	C:\Program Files\Java\jdk1.8.0_05\jre\bin\msvcr100.dll
0x000000006adc0000 - 0x000000006b5ea000 	C:\Program Files\Java\jdk1.8.0_05\jre\bin\server\jvm.dll
0x00007ffc76640000 - 0x00007ffc76648000 	C:\WINDOWS\system32\PSAPI.DLL
0x00007ffc68d60000 - 0x00007ffc68d69000 	C:\WINDOWS\SYSTEM32\WSOCK32.dll
0x00007ffc71380000 - 0x00007ffc713a3000 	C:\WINDOWS\SYSTEM32\WINMM.dll
0x00007ffc761c0000 - 0x00007ffc7622b000 	C:\WINDOWS\system32\WS2_32.dll
0x0000000002080000 - 0x00000000020ac000 	C:\WINDOWS\SYSTEM32\WINMMBASE.dll
0x00007ffc73e50000 - 0x00007ffc73e93000 	C:\WINDOWS\system32\cfgmgr32.dll
0x000000006dbf0000 - 0x000000006dbff000 	C:\Program Files\Java\jdk1.8.0_05\jre\bin\verify.dll
0x000000006dbc0000 - 0x000000006dbe8000 	C:\Program Files\Java\jdk1.8.0_05\jre\bin\java.dll
0x000000006dba0000 - 0x000000006dbb6000 	C:\Program Files\Java\jdk1.8.0_05\jre\bin\zip.dll
0x00007ffc74540000 - 0x00007ffc75a9c000 	C:\WINDOWS\system32\SHELL32.dll
0x00007ffc73720000 - 0x00007ffc73d64000 	C:\WINDOWS\system32\windows.storage.dll
0x00007ffc76480000 - 0x00007ffc764d2000 	C:\WINDOWS\system32\shlwapi.dll
0x00007ffc73340000 - 0x00007ffc7334f000 	C:\WINDOWS\system32\kernel.appcore.dll
0x00007ffc73d70000 - 0x00007ffc73e25000 	C:\WINDOWS\system32\shcore.dll
0x00007ffc732f0000 - 0x00007ffc7333b000 	C:\WINDOWS\system32\powrprof.dll
0x00007ffc732d0000 - 0x00007ffc732e4000 	C:\WINDOWS\system32\profapi.dll
0x000000006db80000 - 0x000000006db9a000 	C:\Program Files\Java\jdk1.8.0_05\jre\bin\net.dll
0x00007ffc728e0000 - 0x00007ffc7293c000 	C:\WINDOWS\system32\mswsock.dll
0x000000006db60000 - 0x000000006db71000 	C:\Program Files\Java\jdk1.8.0_05\jre\bin\nio.dll
0x00007ffc6d150000 - 0x00007ffc6d162000 	C:\Users\Janice Kartika\.gradle\native\19\windows-amd64\native-platform.dll
0x00007ffc6e550000 - 0x00007ffc6e588000 	C:\WINDOWS\SYSTEM32\IPHLPAPI.DLL
0x00007ffc76400000 - 0x00007ffc76408000 	C:\WINDOWS\system32\NSI.dll
0x00007ffc6bbb0000 - 0x00007ffc6bbc6000 	C:\WINDOWS\SYSTEM32\dhcpcsvc6.DLL
0x00007ffc6bb90000 - 0x00007ffc6bbaa000 	C:\WINDOWS\SYSTEM32\dhcpcsvc.DLL
0x00007ffc72990000 - 0x00007ffc729a7000 	C:\WINDOWS\SYSTEM32\CRYPTSP.dll
0x00007ffc72620000 - 0x00007ffc72654000 	C:\WINDOWS\system32\rsaenh.dll
0x00007ffc73210000 - 0x00007ffc73239000 	C:\WINDOWS\SYSTEM32\bcrypt.dll
0x00007ffc72770000 - 0x00007ffc7278f000 	C:\WINDOWS\SYSTEM32\USERENV.dll
0x00007ffc72ab0000 - 0x00007ffc72abb000 	C:\WINDOWS\SYSTEM32\CRYPTBASE.dll
0x000000006db00000 - 0x000000006db0d000 	C:\Program Files\Java\jdk1.8.0_05\jre\bin\management.dll
0x00007ffc72c40000 - 0x00007ffc72dcc000 	C:\WINDOWS\SYSTEM32\dbghelp.dll

VM Arguments:
jvm_args: -XX:MaxPermSize=256m -XX:+HeapDumpOnOutOfMemoryError -Xmx1024m -Dfile.encoding=windows-1252 -Duser.country=US -Duser.language=en -Duser.variant 
java_command: org.gradle.launcher.daemon.bootstrap.GradleDaemon 2.4 C:\Users\Janice Kartika\.gradle C:\Users\Janice Kartika\.gradle\daemon 10800000 955bec30-510a-41ba-90a8-fcd4d48d3fe2 -XX:MaxPermSize=256m -XX:+HeapDumpOnOutOfMemoryError -Xmx1024m -Dfile.encoding=windows-1252 -Duser.country=US -Duser.language=en -Duser.variant
java_class_path (initial): C:\Program Files\Android\Android Studio\gradle\gradle-2.4\lib\gradle-launcher-2.4.jar
Launcher Type: SUN_STANDARD

Environment Variables:
JAVA_HOME=C:\Program Files\Java\jdk1.8.0_05
CLASSPATH=C:\Program Files\Java\jdk1.8.0_05\lib\tools.jar;.
PATH=C:\Program Files (x86)\Intel\iCLS Client\;C:\Program Files\Intel\iCLS Client\;C:\Program Files (x86)\AMD APP\bin\x86_64;C:\Program Files (x86)\AMD APP\bin\x86;C:\WINDOWS\system32;C:\WINDOWS;C:\WINDOWS\System32\Wbem;C:\WINDOWS\System32\WindowsPowerShell\v1.0\;C:\Program Files (x86)\ATI Technologies\ATI.ACE\Core-Static;C:\Program Files\Intel\Intel(R) Management Engine Components\DAL;C:\Program Files\Intel\Intel(R) Management Engine Components\IPT;C:\Program Files (x86)\Intel\Intel(R) Management Engine Components\DAL;C:\Program Files (x86)\Intel\Intel(R) Management Engine Components\IPT;C:\Program Files\Sony\VAIO Improvement\;C:\Program Files (x86)\Sony\VAIO Startup Setting Tool;C:\Program Files\MATLAB\R2014a\runtime\win64;C:\Program Files\MATLAB\R2014a\bin;C:\Program Files\MATLAB\R2014a\polyspace\bin;C:\Program Files (x86)\Windows Live\Shared;C:\TwinCAT\Common32;C:\TwinCAT\Common64;C:\Program Files\nodejs\;C:\Program Files (x86)\MySQL\MySQL Fabric 1.5 & MySQL Utilities 1.5\;C:\Program Files (x86)\MySQL\MySQL Fabric 1.5 & MySQL Utilities 1.5\Doctrine extensions for PHP\;C:\WINDOWS\system32\config\systemprofile\.dnx\bin;C:\Program Files\Microsoft DNX\Dnvm\;C:\Program Files (x86)\Dev-Cpp\MinGW64\bin;C:\Modeltech_pe_edu_10.4\win32pe_edu;C:\Android\tools;C:\Android\platform-tools;C:\Users\Janice Kartika\AppData\Roaming\npm;C:\Modeltech_pe_edu_10.4a\win32pe_edu
USERNAME=Janice Kartika
OS=Windows_NT
PROCESSOR_IDENTIFIER=Intel64 Family 6 Model 58 Stepping 9, GenuineIntel



---------------  S Y S T E M  ---------------

OS: Windows 8.1 , 64 bit Build 9600 

CPU:total 4 (2 cores per cpu, 2 threads per core) family 6 model 58 stepping 9, cmov, cx8, fxsr, mmx, sse, sse2, sse3, ssse3, sse4.1, sse4.2, popcnt, avx, aes, clmul, erms, ht, tsc, tscinvbit

Memory: 4k page, physical 4133264k(943880k free), swap 7147920k(2280492k free)

vm_info: Java HotSpot(TM) 64-Bit Server VM (25.5-b02) for windows-amd64 JRE (1.8.0_05-b13), built on Mar 18 2014 01:08:39 by "java_re" with MS VC++ 10.0 (VS2010)

time: Mon May 16 18:37:16 2016
elapsed time: 1886 seconds

