#
# There is insufficient memory for the Java Runtime Environment to continue.
# Native memory allocation (malloc) failed to allocate 163856 bytes for Chunk::new
# Possible reasons:
#   The system is out of physical RAM or swap space
#   In 32 bit mode, the process size limit was hit
# Possible solutions:
#   Reduce memory load on the system
#   Increase physical memory or swap space
#   Check if swap backing store is full
#   Use 64 bit Java on a 64 bit OS
#   Decrease Java heap size (-Xmx/-Xms)
#   Decrease number of Java threads
#   Decrease Java thread stack sizes (-Xss)
#   Set larger code cache with -XX:ReservedCodeCacheSize=
# This output file may be truncated or incomplete.
#
#  Out of Memory Error (allocation.cpp:388), pid=4372, tid=6524
#
# JRE version: Java(TM) SE Runtime Environment (8.0_05-b13) (build 1.8.0_05-b13)
# Java VM: Java HotSpot(TM) 64-Bit Server VM (25.5-b02 mixed mode windows-amd64 compressed oops)
# Failed to write core dump. Minidumps are not enabled by default on client versions of Windows
#

---------------  T H R E A D  ---------------

Current thread (0x0000000015092000):  JavaThread "C2 CompilerThread1" daemon [_thread_in_native, id=6524, stack(0x00000000166f0000,0x00000000167f0000)]

Stack: [0x00000000166f0000,0x00000000167f0000]
Native frames: (J=compiled Java code, j=interpreted, Vv=VM code, C=native code)
V  [jvm.dll+0x308dea]
V  [jvm.dll+0x25def1]
V  [jvm.dll+0x25eb0f]
V  [jvm.dll+0x2564e5]
V  [jvm.dll+0xbcfc5]
V  [jvm.dll+0xbd45c]
V  [jvm.dll+0x43adc2]
V  [jvm.dll+0x4af6a5]
V  [jvm.dll+0x4b02df]
V  [jvm.dll+0x440f31]
V  [jvm.dll+0x4436a9]
V  [jvm.dll+0x427532]
V  [jvm.dll+0x96702]
V  [jvm.dll+0x96ef3]
V  [jvm.dll+0x2232c4]
V  [jvm.dll+0x27baca]
C  [msvcr100.dll+0x21d9f]
C  [msvcr100.dll+0x21e3b]
C  [KERNEL32.DLL+0x12d92]
C  [ntdll.dll+0x9f64]


Current CompileTask:
C2:   2032 1007       4       com.android.dx.ssa.back.LivenessAnalyzer::liveOutAtStatement (61 bytes)


---------------  P R O C E S S  ---------------

Java Threads: ( => current thread )
  0x0000000016908000 JavaThread "Service Thread" daemon [_thread_blocked, id=7072, stack(0x0000000016cf0000,0x0000000016df0000)]
  0x0000000015098000 JavaThread "C1 CompilerThread2" daemon [_thread_blocked, id=9528, stack(0x00000000167f0000,0x00000000168f0000)]
=>0x0000000015092000 JavaThread "C2 CompilerThread1" daemon [_thread_in_native, id=6524, stack(0x00000000166f0000,0x00000000167f0000)]
  0x000000001508d000 JavaThread "C2 CompilerThread0" daemon [_thread_in_native, id=1260, stack(0x00000000165f0000,0x00000000166f0000)]
  0x000000001508b800 JavaThread "Attach Listener" daemon [_thread_blocked, id=3460, stack(0x00000000164f0000,0x00000000165f0000)]
  0x000000001508a000 JavaThread "Signal Dispatcher" daemon [_thread_blocked, id=7408, stack(0x00000000163f0000,0x00000000164f0000)]
  0x0000000002915000 JavaThread "Finalizer" daemon [_thread_blocked, id=8672, stack(0x00000000162f0000,0x00000000163f0000)]
  0x0000000015058000 JavaThread "Reference Handler" daemon [_thread_blocked, id=5272, stack(0x00000000161f0000,0x00000000162f0000)]
  0x00000000029be800 JavaThread "main" [_thread_blocked, id=5700, stack(0x00000000026f0000,0x00000000027f0000)]

Other Threads:
  0x0000000015057000 VMThread [stack: 0x00000000160f0000,0x00000000161f0000] [id=8564]
  0x0000000016922800 WatcherThread [stack: 0x0000000016df0000,0x0000000016ef0000] [id=5968]

VM state:at safepoint (normal execution)

VM Mutex/Monitor currently owned by a thread:  ([mutex/lock_event])
[0x00000000029bde20] Threads_lock - owner thread: 0x0000000015057000
[0x00000000029bdca0] Heap_lock - owner thread: 0x00000000029be800

Heap:
 PSYoungGen      total 12288K, used 9792K [0x00000000eab00000, 0x00000000ebc80000, 0x0000000100000000)
  eden space 9728K, 100% used [0x00000000eab00000,0x00000000eb480000,0x00000000eb480000)
  from space 2560K, 2% used [0x00000000eb480000,0x00000000eb490000,0x00000000eb700000)
  to   space 2560K, 80% used [0x00000000eba00000,0x00000000ebc02320,0x00000000ebc80000)
 ParOldGen       total 64000K, used 63802K [0x00000000c0000000, 0x00000000c3e80000, 0x00000000eab00000)
  object space 64000K, 99% used [0x00000000c0000000,0x00000000c3e4ea00,0x00000000c3e80000)
 Metaspace       used 6928K, capacity 7640K, committed 7808K, reserved 1056768K
  class space    used 729K, capacity 784K, committed 896K, reserved 1048576K

Card table byte_map: [0x0000000011d80000,0x0000000011f90000] byte_map_base: 0x0000000011780000

Marking Bits: (ParMarkBitMap*) 0x0000000076e113b0
 Begin Bits: [0x00000000124f0000, 0x00000000134f0000)
 End Bits:   [0x00000000134f0000, 0x00000000144f0000)

Polling page: 0x0000000002800000

CodeCache: size=245760Kb used=5278Kb max_used=5278Kb free=240481Kb
 bounds [0x00000000029c0000, 0x0000000002ef0000, 0x00000000119c0000]
 total_blobs=2131 nmethods=1842 adapters=202
 compilation: enabled

Compilation events (10 events):
Event: 0.716 Thread 0x0000000015098000 1027       3       java.lang.Thread::interrupted (8 bytes)
Event: 0.716 Thread 0x0000000015098000 nmethod 1027 0x0000000002d78910 code [0x0000000002d78a80, 0x0000000002d78c08]
Event: 0.716 Thread 0x0000000015098000 1020       3       java.util.Stack::<init> (5 bytes)
Event: 0.716 Thread 0x0000000015098000 nmethod 1020 0x0000000002d78cd0 code [0x0000000002d78e40, 0x0000000002d79088]
Event: 0.716 Thread 0x0000000015098000 1023       3       com.android.dx.cf.iface.StdMethodList::get (9 bytes)
Event: 0.716 Thread 0x0000000015098000 nmethod 1023 0x0000000002d79190 code [0x0000000002d79300, 0x0000000002d79608]
Event: 0.717 Thread 0x0000000015098000 1028       3       java.util.TreeMap$PrivateEntryIterator::nextEntry (54 bytes)
Event: 0.717 Thread 0x0000000015098000 nmethod 1028 0x0000000002d796d0 code [0x0000000002d79860, 0x0000000002d79bc8]
Event: 0.717 Thread 0x0000000015098000 1029       3       java.util.TreeMap::successor (66 bytes)
Event: 0.717 Thread 0x0000000015098000 nmethod 1029 0x0000000002d79d50 code [0x0000000002d79ee0, 0x0000000002d7a230]

GC Heap History (10 events):
Event: 0.549 GC heap before
{Heap before GC invocations=10 (full 0):
 PSYoungGen      total 4608K, used 4416K [0x00000000eab00000, 0x00000000eb300000, 0x0000000100000000)
  eden space 3072K, 100% used [0x00000000eab00000,0x00000000eae00000,0x00000000eae00000)
  from space 1536K, 87% used [0x00000000eae00000,0x00000000eaf50018,0x00000000eaf80000)
  to   space 1536K, 0% used [0x00000000eb180000,0x00000000eb180000,0x00000000eb300000)
 ParOldGen       total 64000K, used 1644K [0x00000000c0000000, 0x00000000c3e80000, 0x00000000eab00000)
  object space 64000K, 2% used [0x00000000c0000000,0x00000000c019b328,0x00000000c3e80000)
 Metaspace       used 5381K, capacity 6576K, committed 6784K, reserved 1056768K
  class space    used 576K, capacity 616K, committed 640K, reserved 1048576K
Event: 0.552 GC heap after
Heap after GC invocations=10 (full 0):
 PSYoungGen      total 4608K, used 1511K [0x00000000eab00000, 0x00000000eb300000, 0x0000000100000000)
  eden space 3072K, 0% used [0x00000000eab00000,0x00000000eab00000,0x00000000eae00000)
  from space 1536K, 98% used [0x00000000eb180000,0x00000000eb2f9ff8,0x00000000eb300000)
  to   space 1536K, 0% used [0x00000000eae00000,0x00000000eae00000,0x00000000eaf80000)
 ParOldGen       total 64000K, used 2180K [0x00000000c0000000, 0x00000000c3e80000, 0x00000000eab00000)
  object space 64000K, 3% used [0x00000000c0000000,0x00000000c0221328,0x00000000c3e80000)
 Metaspace       used 5381K, capacity 6576K, committed 6784K, reserved 1056768K
  class space    used 576K, capacity 616K, committed 640K, reserved 1048576K
}
Event: 0.594 GC heap before
{Heap before GC invocations=11 (full 0):
 PSYoungGen      total 4608K, used 4583K [0x00000000eab00000, 0x00000000eb300000, 0x0000000100000000)
  eden space 3072K, 100% used [0x00000000eab00000,0x00000000eae00000,0x00000000eae00000)
  from space 1536K, 98% used [0x00000000eb180000,0x00000000eb2f9ff8,0x00000000eb300000)
  to   space 1536K, 0% used [0x00000000eae00000,0x00000000eae00000,0x00000000eaf80000)
 ParOldGen       total 64000K, used 2180K [0x00000000c0000000, 0x00000000c3e80000, 0x00000000eab00000)
  object space 64000K, 3% used [0x00000000c0000000,0x00000000c0221328,0x00000000c3e80000)
 Metaspace       used 5437K, capacity 6640K, committed 6784K, reserved 1056768K
  class space    used 578K, capacity 616K, committed 640K, reserved 1048576K
Event: 0.597 GC heap after
Heap after GC invocations=11 (full 0):
 PSYoungGen      total 4608K, used 1033K [0x00000000eab00000, 0x00000000eb400000, 0x0000000100000000)
  eden space 3072K, 0% used [0x00000000eab00000,0x00000000eab00000,0x00000000eae00000)
  from space 1536K, 67% used [0x00000000eae00000,0x00000000eaf02718,0x00000000eaf80000)
  to   space 2048K, 0% used [0x00000000eb200000,0x00000000eb200000,0x00000000eb400000)
 ParOldGen       total 64000K, used 3618K [0x00000000c0000000, 0x00000000c3e80000, 0x00000000eab00000)
  object space 64000K, 5% used [0x00000000c0000000,0x00000000c03888c8,0x00000000c3e80000)
 Metaspace       used 5437K, capacity 6640K, committed 6784K, reserved 1056768K
  class space    used 578K, capacity 616K, committed 640K, reserved 1048576K
}
Event: 0.609 GC heap before
{Heap before GC invocations=12 (full 0):
 PSYoungGen      total 4608K, used 3835K [0x00000000eab00000, 0x00000000eb400000, 0x0000000100000000)
  eden space 3072K, 91% used [0x00000000eab00000,0x00000000eadbc7b0,0x00000000eae00000)
  from space 1536K, 67% used [0x00000000eae00000,0x00000000eaf02718,0x00000000eaf80000)
  to   space 2048K, 0% used [0x00000000eb200000,0x00000000eb200000,0x00000000eb400000)
 ParOldGen       total 64000K, used 3618K [0x00000000c0000000, 0x00000000c3e80000, 0x00000000eab00000)
  object space 64000K, 5% used [0x00000000c0000000,0x00000000c03888c8,0x00000000c3e80000)
 Metaspace       used 5450K, capacity 6640K, committed 6784K, reserved 1056768K
  class space    used 578K, capacity 616K, committed 640K, reserved 1048576K
Event: 0.611 GC heap after
Heap after GC invocations=12 (full 0):
 PSYoungGen      total 7168K, used 1220K [0x00000000eab00000, 0x00000000eb400000, 0x0000000100000000)
  eden space 5120K, 0% used [0x00000000eab00000,0x00000000eab00000,0x00000000eb000000)
  from space 2048K, 59% used [0x00000000eb200000,0x00000000eb331370,0x00000000eb400000)
  to   space 2048K, 0% used [0x00000000eb000000,0x00000000eb000000,0x00000000eb200000)
 ParOldGen       total 64000K, used 4141K [0x00000000c0000000, 0x00000000c3e80000, 0x00000000eab00000)
  object space 64000K, 6% used [0x00000000c0000000,0x00000000c040b760,0x00000000c3e80000)
 Metaspace       used 5450K, capacity 6640K, committed 6784K, reserved 1056768K
  class space    used 578K, capacity 616K, committed 640K, reserved 1048576K
}
Event: 0.677 GC heap before
{Heap before GC invocations=13 (full 0):
 PSYoungGen      total 7168K, used 6160K [0x00000000eab00000, 0x00000000eb400000, 0x0000000100000000)
  eden space 5120K, 96% used [0x00000000eab00000,0x00000000eafd2fc0,0x00000000eb000000)
  from space 2048K, 59% used [0x00000000eb200000,0x00000000eb331370,0x00000000eb400000)
  to   space 2048K, 0% used [0x00000000eb000000,0x00000000eb000000,0x00000000eb200000)
 ParOldGen       total 64000K, used 4141K [0x00000000c0000000, 0x00000000c3e80000, 0x00000000eab00000)
  object space 64000K, 6% used [0x00000000c0000000,0x00000000c040b760,0x00000000c3e80000)
 Metaspace       used 5502K, capacity 6704K, committed 6784K, reserved 1056768K
  class space    used 578K, capacity 616K, committed 640K, reserved 1048576K
Event: 0.679 GC heap after
Heap after GC invocations=13 (full 0):
 PSYoungGen      total 7168K, used 1648K [0x00000000eab00000, 0x00000000eb400000, 0x0000000100000000)
  eden space 5120K, 0% used [0x00000000eab00000,0x00000000eab00000,0x00000000eb000000)
  from space 2048K, 80% used [0x00000000eb000000,0x00000000eb19c028,0x00000000eb200000)
  to   space 2048K, 0% used [0x00000000eb200000,0x00000000eb200000,0x00000000eb400000)
 ParOldGen       total 64000K, used 4925K [0x00000000c0000000, 0x00000000c3e80000, 0x00000000eab00000)
  object space 64000K, 7% used [0x00000000c0000000,0x00000000c04cf4b0,0x00000000c3e80000)
 Metaspace       used 5502K, capacity 6704K, committed 6784K, reserved 1056768K
  class space    used 578K, capacity 616K, committed 640K, reserved 1048576K
}
Event: 0.713 GC heap before
{Heap before GC invocations=14 (full 0):
 PSYoungGen      total 7168K, used 6768K [0x00000000eab00000, 0x00000000eb400000, 0x0000000100000000)
  eden space 5120K, 100% used [0x00000000eab00000,0x00000000eb000000,0x00000000eb000000)
  from space 2048K, 80% used [0x00000000eb000000,0x00000000eb19c028,0x00000000eb200000)
  to   space 2048K, 0% used [0x00000000eb200000,0x00000000eb200000,0x00000000eb400000)
 ParOldGen       total 64000K, used 12978K [0x00000000c0000000, 0x00000000c3e80000, 0x00000000eab00000)
  object space 64000K, 20% used [0x00000000c0000000,0x00000000c0cac9f8,0x00000000c3e80000)
 Metaspace       used 5519K, capacity 6704K, committed 6784K, reserved 1056768K
  class space    used 579K, capacity 616K, committed 640K, reserved 1048576K
Event: 0.714 GC heap after
Heap after GC invocations=14 (full 0):
 PSYoungGen      total 7168K, used 224K [0x00000000eab00000, 0x00000000eb400000, 0x0000000100000000)
  eden space 5120K, 0% used [0x00000000eab00000,0x00000000eab00000,0x00000000eb000000)
  from space 2048K, 10% used [0x00000000eb200000,0x00000000eb238000,0x00000000eb400000)
  to   space 2048K, 0% used [0x00000000eb000000,0x00000000eb000000,0x00000000eb200000)
 ParOldGen       total 64000K, used 14154K [0x00000000c0000000, 0x00000000c3e80000, 0x00000000eab00000)
  object space 64000K, 22% used [0x00000000c0000000,0x00000000c0dd2820,0x00000000c3e80000)
 Metaspace       used 5519K, capacity 6704K, committed 6784K, reserved 1056768K
  class space    used 579K, capacity 616K, committed 640K, reserved 1048576K
}

Deoptimization events (8 events):
Event: 0.393 Thread 0x0000000016b34000 Uncommon trap: reason=class_check action=maybe_recompile pc=0x0000000002b6db50 method=com.android.dx.rop.cst.Constant.compareTo(Ljava/lang/Object;)I @ 2
Event: 0.393 Thread 0x0000000016b34000 Uncommon trap: reason=class_check action=maybe_recompile pc=0x0000000002b6f2d0 method=com.android.dx.rop.cst.CstMemberRef.compareTo0(Lcom/android/dx/rop/cst/Constant;)I @ 1
Event: 0.393 Thread 0x0000000016a51800 Uncommon trap: reason=class_check action=maybe_recompile pc=0x0000000002b6db50 method=com.android.dx.rop.cst.Constant.compareTo(Ljava/lang/Object;)I @ 2
Event: 0.393 Thread 0x0000000016a51800 Uncommon trap: reason=class_check action=maybe_recompile pc=0x0000000002b6f2d0 method=com.android.dx.rop.cst.CstMemberRef.compareTo0(Lcom/android/dx/rop/cst/Constant;)I @ 1
Event: 0.393 Thread 0x0000000016a51800 Uncommon trap: reason=class_check action=maybe_recompile pc=0x0000000002b6db50 method=com.android.dx.rop.cst.Constant.compareTo(Ljava/lang/Object;)I @ 2
Event: 0.393 Thread 0x0000000016a51800 Uncommon trap: reason=class_check action=maybe_recompile pc=0x0000000002b6f2d0 method=com.android.dx.rop.cst.CstMemberRef.compareTo0(Lcom/android/dx/rop/cst/Constant;)I @ 1
Event: 0.393 Thread 0x0000000016a5d800 Uncommon trap: reason=class_check action=maybe_recompile pc=0x0000000002b6db50 method=com.android.dx.rop.cst.Constant.compareTo(Ljava/lang/Object;)I @ 2
Event: 0.393 Thread 0x0000000016a5d800 Uncommon trap: reason=class_check action=maybe_recompile pc=0x0000000002b6f2d0 method=com.android.dx.rop.cst.CstMemberRef.compareTo0(Lcom/android/dx/rop/cst/Constant;)I @ 1

Internal exceptions (10 events):
Event: 0.466 Thread 0x00000000029be800 Exception <a 'java/security/PrivilegedActionException'> (0x00000000eadaae70) thrown at [D:\re\workspace\8-2-build-windows-amd64-cygwin\jdk8u5\2488\hotspot\src\share\vm\prims\jvm.cpp, line 1248]
Event: 0.466 Thread 0x00000000029be800 Exception <a 'java/security/PrivilegedActionException'> (0x00000000eadae0f0) thrown at [D:\re\workspace\8-2-build-windows-amd64-cygwin\jdk8u5\2488\hotspot\src\share\vm\prims\jvm.cpp, line 1248]
Event: 0.472 Thread 0x00000000029be800 Exception <a 'java/security/PrivilegedActionException'> (0x00000000eadecc10) thrown at [D:\re\workspace\8-2-build-windows-amd64-cygwin\jdk8u5\2488\hotspot\src\share\vm\prims\jvm.cpp, line 1248]
Event: 0.478 Thread 0x0000000016b34000 Exception <a 'java/security/PrivilegedActionException'> (0x00000000eab2ea30) thrown at [D:\re\workspace\8-2-build-windows-amd64-cygwin\jdk8u5\2488\hotspot\src\share\vm\prims\jvm.cpp, line 1248]
Event: 0.479 Thread 0x00000000029be800 Exception <a 'java/security/PrivilegedActionException'> (0x00000000eab31150) thrown at [D:\re\workspace\8-2-build-windows-amd64-cygwin\jdk8u5\2488\hotspot\src\share\vm\prims\jvm.cpp, line 1248]
Event: 0.484 Thread 0x00000000029be800 Exception <a 'java/security/PrivilegedActionException'> (0x00000000eab7ae08) thrown at [D:\re\workspace\8-2-build-windows-amd64-cygwin\jdk8u5\2488\hotspot\src\share\vm\prims\jvm.cpp, line 1248]
Event: 0.486 Thread 0x0000000016ad2000 Exception <a 'java/security/PrivilegedActionException'> (0x00000000eab95848) thrown at [D:\re\workspace\8-2-build-windows-amd64-cygwin\jdk8u5\2488\hotspot\src\share\vm\prims\jvm.cpp, line 1248]
Event: 0.488 Thread 0x0000000016a51800 Exception <a 'java/security/PrivilegedActionException'> (0x00000000eaba3950) thrown at [D:\re\workspace\8-2-build-windows-amd64-cygwin\jdk8u5\2488\hotspot\src\share\vm\prims\jvm.cpp, line 1248]
Event: 0.498 Thread 0x0000000016a51800 Exception <a 'java/security/PrivilegedActionException'> (0x00000000eac25c10) thrown at [D:\re\workspace\8-2-build-windows-amd64-cygwin\jdk8u5\2488\hotspot\src\share\vm\prims\jvm.cpp, line 1248]
Event: 0.503 Thread 0x0000000016a51800 Exception <a 'java/security/PrivilegedActionException'> (0x00000000eac6ca70) thrown at [D:\re\workspace\8-2-build-windows-amd64-cygwin\jdk8u5\2488\hotspot\src\share\vm\prims\jvm.cpp, line 1248]

Events (10 events):
Event: 0.716 loading class java/util/SortedSet
Event: 0.716 loading class java/util/SortedSet done
Event: 0.716 loading class java/util/NavigableSet done
Event: 0.716 loading class java/util/TreeMap$KeySet done
Event: 0.717 loading class java/util/TreeMap$KeyIterator
Event: 0.717 loading class java/util/TreeMap$KeyIterator done
Event: 0.717 loading class java/util/ComparableTimSort
Event: 0.717 loading class java/util/ComparableTimSort done
Event: 0.717 loading class java/util/TreeMap$EntrySet
Event: 0.718 loading class java/util/TreeMap$EntrySet done


Dynamic libraries:
0x00007ff6989f0000 - 0x00007ff698a24000 	C:\Program Files\Java\jdk1.8.0_05\bin\java.exe
0x00007ffb97c90000 - 0x00007ffb97e51000 	C:\WINDOWS\SYSTEM32\ntdll.dll
0x00007ffb97790000 - 0x00007ffb9783d000 	C:\WINDOWS\system32\KERNEL32.DLL
0x00007ffb95180000 - 0x00007ffb9535d000 	C:\WINDOWS\system32\KERNELBASE.dll
0x00007ffb97be0000 - 0x00007ffb97c86000 	C:\WINDOWS\system32\ADVAPI32.dll
0x00007ffb97500000 - 0x00007ffb9759d000 	C:\WINDOWS\system32\msvcrt.dll
0x00007ffb95c40000 - 0x00007ffb95c9b000 	C:\WINDOWS\system32\sechost.dll
0x00007ffb95660000 - 0x00007ffb95786000 	C:\WINDOWS\system32\RPCRT4.dll
0x00007ffb95360000 - 0x00007ffb954ae000 	C:\WINDOWS\system32\USER32.dll
0x00007ffb954d0000 - 0x00007ffb95656000 	C:\WINDOWS\system32\GDI32.dll
0x00007ffb88050000 - 0x00007ffb882c4000 	C:\WINDOWS\WinSxS\amd64_microsoft.windows.common-controls_6595b64144ccf1df_6.0.10240.16384_none_f41f7b285750ef43\COMCTL32.dll
0x00007ffb97750000 - 0x00007ffb97786000 	C:\WINDOWS\system32\IMM32.DLL
0x00007ffb97340000 - 0x00007ffb9749c000 	C:\WINDOWS\system32\MSCTF.dll
0x0000000076360000 - 0x0000000076432000 	C:\Program Files\Java\jdk1.8.0_05\jre\bin\msvcr100.dll
0x0000000076660000 - 0x0000000076e8a000 	C:\Program Files\Java\jdk1.8.0_05\jre\bin\server\jvm.dll
0x00007ffb97af0000 - 0x00007ffb97af8000 	C:\WINDOWS\system32\PSAPI.DLL
0x00007ffb92a50000 - 0x00007ffb92a73000 	C:\WINDOWS\SYSTEM32\WINMM.dll
0x00007ffb8a5c0000 - 0x00007ffb8a5c9000 	C:\WINDOWS\SYSTEM32\WSOCK32.dll
0x00007ffb97a70000 - 0x00007ffb97ad9000 	C:\WINDOWS\system32\WS2_32.dll
0x00007ffb929f0000 - 0x00007ffb92a1c000 	C:\WINDOWS\SYSTEM32\WINMMBASE.dll
0x00007ffb95790000 - 0x00007ffb95798000 	C:\WINDOWS\system32\NSI.dll
0x00007ffb95080000 - 0x00007ffb950c4000 	C:\WINDOWS\system32\cfgmgr32.dll
0x00007ffb92f90000 - 0x00007ffb92fb7000 	C:\WINDOWS\SYSTEM32\DEVOBJ.dll
0x0000000051b90000 - 0x0000000051b9f000 	C:\Program Files\Java\jdk1.8.0_05\jre\bin\verify.dll
0x0000000051b60000 - 0x0000000051b88000 	C:\Program Files\Java\jdk1.8.0_05\jre\bin\java.dll
0x0000000051b40000 - 0x0000000051b56000 	C:\Program Files\Java\jdk1.8.0_05\jre\bin\zip.dll
0x00007ffb95ca0000 - 0x00007ffb971c2000 	C:\WINDOWS\system32\SHELL32.dll
0x00007ffb94880000 - 0x00007ffb94ea8000 	C:\WINDOWS\system32\windows.storage.dll
0x00007ffb959c0000 - 0x00007ffb95c3c000 	C:\WINDOWS\system32\combase.dll
0x00007ffb97a10000 - 0x00007ffb97a61000 	C:\WINDOWS\system32\shlwapi.dll
0x00007ffb946c0000 - 0x00007ffb946cf000 	C:\WINDOWS\system32\kernel.appcore.dll
0x00007ffb947c0000 - 0x00007ffb94873000 	C:\WINDOWS\system32\shcore.dll
0x00007ffb946d0000 - 0x00007ffb9471a000 	C:\WINDOWS\system32\powrprof.dll
0x00007ffb94720000 - 0x00007ffb94733000 	C:\WINDOWS\system32\profapi.dll
0x00007ffb8bff0000 - 0x00007ffb8c17a000 	C:\WINDOWS\SYSTEM32\dbghelp.dll

VM Arguments:
jvm_args: -Xmx1024M -Dfile.encoding=windows-1252 -Duser.country=US -Duser.language=en -Duser.variant 
java_command: com.android.dx.command.Main --dex --num-threads=4 --output C:\StudioProject\IAmHere\app\build\intermediates\dex\debug C:\StudioProject\IAmHere\app\build\intermediates\classes\debug C:\StudioProject\IAmHere\app\build\intermediates\pre-dexed\debug\support-annotations-23.1.0-3e624abdc2016802271d94229e64ebba6d234477.jar C:\StudioProject\IAmHere\app\build\intermediates\pre-dexed\debug\internal_impl-23.1.0-0f8e573ba0cf2f3661e36a110270406127943f44.jar C:\StudioProject\IAmHere\app\build\intermediates\pre-dexed\debug\classes-71e15435f0b5715e445d18fc81e4aed110d50274.jar C:\StudioProject\IAmHere\app\build\intermediates\pre-dexed\debug\classes-447a73db4308147b80bab76757af8a861e042840.jar C:\StudioProject\IAmHere\app\build\intermediates\pre-dexed\debug\classes-22b431694630f6aadfdd08942f59fcbc2f6e17aa.jar
java_class_path (initial): C:\Android\build-tools\23.0.1\lib\dx.jar
Launcher Type: SUN_STANDARD

Environment Variables:
CLASSPATH=C:\Program Files\Java\jdk1.8.0_05\lib\tools.jar;.
PATH=C:\Program Files (x86)\Intel\iCLS Client\;C:\Program Files\Intel\iCLS Client\;C:\Program Files (x86)\AMD APP\bin\x86_64;C:\Program Files (x86)\AMD APP\bin\x86;C:\WINDOWS\system32;C:\WINDOWS;C:\WINDOWS\System32\Wbem;C:\WINDOWS\System32\WindowsPowerShell\v1.0\;C:\Program Files (x86)\ATI Technologies\ATI.ACE\Core-Static;C:\Program Files\Intel\Intel(R) Management Engine Components\DAL;C:\Program Files\Intel\Intel(R) Management Engine Components\IPT;C:\Program Files (x86)\Intel\Intel(R) Management Engine Components\DAL;C:\Program Files (x86)\Intel\Intel(R) Management Engine Components\IPT;C:\Program Files\Sony\VAIO Improvement\;C:\Program Files (x86)\Sony\VAIO Startup Setting Tool;C:\Program Files\MATLAB\R2014a\runtime\win64;C:\Program Files\MATLAB\R2014a\bin;C:\Program Files\MATLAB\R2014a\polyspace\bin;C:\Program Files (x86)\Windows Live\Shared;C:\TwinCAT\Common32;C:\TwinCAT\Common64;C:\WINDOWS\system32\config\systemprofile\.dnx\bin;C:\Program Files\Microsoft DNX\Dnvm\;C:\Program Files\nodejs\;C:\Program Files (x86)\MySQL\MySQL Fabric 1.5 & MySQL Utilities 1.5\;C:\Program Files (x86)\MySQL\MySQL Fabric 1.5 & MySQL Utilities 1.5\Doctrine extensions for PHP\;C:\Program Files (x86)\Dev-Cpp\MinGW64\bin;C:\Modeltech_pe_edu_10.4\win32pe_edu;C:\Android\tools;C:\Android\platform-tools;C:\Users\Janice Kartika\AppData\Roaming\npm;C:\Modeltech_pe_edu_10.4a\win32pe_edu
USERNAME=Janice Kartika
OS=Windows_NT
PROCESSOR_IDENTIFIER=Intel64 Family 6 Model 58 Stepping 9, GenuineIntel



---------------  S Y S T E M  ---------------

OS: Windows 8.1 , 64 bit Build 9600 

CPU:total 4 (2 cores per cpu, 2 threads per core) family 6 model 58 stepping 9, cmov, cx8, fxsr, mmx, sse, sse2, sse3, ssse3, sse4.1, sse4.2, popcnt, avx, aes, clmul, erms, ht, tsc, tscinvbit

Memory: 4k page, physical 4133264k(257768k free), swap 16716176k(8312k free)

vm_info: Java HotSpot(TM) 64-Bit Server VM (25.5-b02) for windows-amd64 JRE (1.8.0_05-b13), built on Mar 18 2014 01:08:39 by "java_re" with MS VC++ 10.0 (VS2010)

time: Fri Dec 18 02:05:07 2015
elapsed time: 2 seconds

